<?xml version="1.0" encoding="UTF-8"?>
<!-- Generated by org.testng.reporters.JUnitReportReporter -->
<testsuite hostname="DESKTOP-N3ISE95" failures="0" tests="5" name="tests_for_interactions.ResizableTests" time="-1735134720.000" errors="1" timestamp="2024-12-25T19:20:51 IST" skipped="4">
  <testcase classname="tests_for_interactions.ResizableTests" name="launchurl" time="-1735134720.000">
    <error message="
Parameter &#039;browser&#039; is required by BeforeTest on method launchurl but has not been marked @Optional or defined
in C:\Users\Bhavna sharma\AppData\Local\Temp\testng-eclipse--1410582870\testng-customsuite.xml" type="org.testng.TestNGException">
      <![CDATA[org.testng.TestNGException: 
Parameter 'browser' is required by BeforeTest on method launchurl but has not been marked @Optional or defined
in C:\Users\Bhavna sharma\AppData\Local\Temp\testng-eclipse--1410582870\testng-customsuite.xml
at org.testng.internal.Parameters.createParams(Parameters.java:270)
at org.testng.internal.Parameters.createParametersForMethod(Parameters.java:358)
at org.testng.internal.Parameters.createParameters(Parameters.java:700)
at org.testng.internal.Parameters.createConfigurationParameters(Parameters.java:168)
at org.testng.internal.ConfigInvoker.invokeConfigurations(ConfigInvoker.java:302)
at org.testng.TestRunner.invokeTestConfigurations(TestRunner.java:637)
at org.testng.TestRunner.beforeRun(TestRunner.java:627)
at org.testng.TestRunner.run(TestRunner.java:589)
at org.testng.SuiteRunner.runTest(SuiteRunner.java:377)
at org.testng.SuiteRunner.runSequentially(SuiteRunner.java:371)
at org.testng.SuiteRunner.privateRun(SuiteRunner.java:332)
at org.testng.SuiteRunner.run(SuiteRunner.java:276)
at org.testng.SuiteRunnerWorker.runSuite(SuiteRunnerWorker.java:53)
at org.testng.SuiteRunnerWorker.run(SuiteRunnerWorker.java:96)
at org.testng.TestNG.runSuitesSequentially(TestNG.java:1212)
at org.testng.TestNG.runSuitesLocally(TestNG.java:1134)
at org.testng.TestNG.runSuites(TestNG.java:1063)
at org.testng.TestNG.run(TestNG.java:1031)
at org.testng.remote.AbstractRemoteTestNG.run(AbstractRemoteTestNG.java:115)
at org.testng.remote.RemoteTestNG.initAndRun(RemoteTestNG.java:293)
at org.testng.remote.RemoteTestNG.main(RemoteTestNG.java:91)
]]>
    </error>
  </testcase> <!-- launchurl -->
  <system-out/>
  <testcase classname="tests_for_interactions.ResizableTests" name="clickoninteractions" time="0.000">
    <skipped/>
  </testcase> <!-- clickoninteractions -->
  <system-out/>
  <testcase classname="tests_for_interactions.ResizableTests" name="clickonresizableoption" time="0.000">
    <skipped/>
  </testcase> <!-- clickonresizableoption -->
  <system-out/>
  <testcase classname="tests_for_interactions.ResizableTests" name="resizeboxexample" time="0.000">
    <skipped/>
  </testcase> <!-- resizeboxexample -->
  <system-out/>
  <testcase classname="tests_for_interactions.ResizableTests" name="resizelementold">
    <skipped/>
  </testcase> <!-- resizelementold -->
  <system-out/>
</testsuite> <!-- tests_for_interactions.ResizableTests -->
